<?xml version="1.0" encoding="UTF-8"?>
<testsuite xmlns:xsi="http://www.w3.org/2001/XMLSchema-instance" xsi:noNamespaceSchemaLocation="https://maven.apache.org/surefire/maven-surefire-plugin/xsd/surefire-test-report.xsd" version="3.0.2" name="StarsTest" time="3.241" tests="10" errors="0" skipped="0" failures="1">
  <properties>
[...]
</properties>
  <testcase name="testLowerLimitN" classname="StarsTest" time="0.032"/>
  <testcase name="testUpperLimitN" classname="StarsTest" time="3.123"/>
  <testcase name="testEvenN" classname="StarsTest" time="0.001"/>
  <testcase name="testBigN" classname="StarsTest" time="0.006"/>
  <testcase name="testOddN" classname="StarsTest" time="0.011">
    <failure message="expected: &lt;4&gt; but was: &lt;3&gt;" type="org.opentest4j.AssertionFailedError"><![CDATA[org.opentest4j.AssertionFailedError: expected: <4> but was: <3>
	at org.junit.jupiter.api.AssertionFailureBuilder.build(AssertionFailureBuilder.java:151)
	at org.junit.jupiter.api.AssertionFailureBuilder.buildAndThrow(AssertionFailureBuilder.java:132)
	at org.junit.jupiter.api.AssertEquals.failNotEqual(AssertEquals.java:197)
	at org.junit.jupiter.api.AssertEquals.assertEquals(AssertEquals.java:150)
	at org.junit.jupiter.api.AssertEquals.assertEquals(AssertEquals.java:145)
	at org.junit.jupiter.api.Assertions.assertEquals(Assertions.java:531)
	at StarsTest.testOddN(StarsTest.java:28)
	at java.base/java.lang.reflect.Method.invoke(Method.java:580)
	at java.base/java.util.ArrayList.forEach(ArrayList.java:1596)
	at java.base/java.util.ArrayList.forEach(ArrayList.java:1596)
]]></failure>
  </testcase>
  <testcase name="testOutOfLimitN" classname="StarsTest" time="0.003"/>
  <testcase name="testPostConditionN" classname="StarsTest" time="0.006"/>
  <testcase name="testPreConditionN" classname="StarsTest" time="0.002"/>
  <testcase name="testPrimeN" classname="StarsTest" time="0.001"/>
  <testcase name="testSmallN" classname="StarsTest" time="0.0"/>
</testsuite>